[ 2018-07-12T09:56:46+08:00 ] ::1 /talkhub/talkhub/index.php/Home/user/login
ERR: 模板不存在:D:/phpStudy/WWW/talkhub/talkhub/Home/View/User/login.html

[ 2018-07-12T09:56:58+08:00 ] ::1 /talkhub/talkhub/index.php
ERR: 模板不存在:D:/phpStudy/WWW/talkhub/talkhub/Home/View/Index/index.html

[ 2018-07-12T10:13:34+08:00 ] ::1 /talkhub/talkhub/index.php/Home/user/CSS_URL/User_Login.css
ERR: 非法操作:CSS_URL

[ 2018-07-12T10:13:43+08:00 ] ::1 /talkhub/talkhub/index.php/Home/user/CSS_URL/User_Login.css
ERR: 非法操作:CSS_URL

[ 2018-07-12T10:15:17+08:00 ] ::1 /talkhub/talkhub/index.php/Home/user/CSS_URL/User_Login.css
ERR: 非法操作:CSS_URL

[ 2018-07-12T10:28:56+08:00 ] ::1 /talkhub/talkhub/index.php/Index/index.html
ERR: 模板不存在:D:/phpStudy/WWW/talkhub/talkhub/Home/View/Index/index.html

[ 2018-07-12T15:29:00+08:00 ] ::1 /talkhub/talkhub/index.php/Index/index.html
ERR: 模板不存在:D:/phpStudy/WWW/talkhub/talkhub/Home/View/Index/index.html

[ 2018-07-12T15:31:48+08:00 ] ::1 /talkhub/talkhub/index.php/Index/index.html
ERR: 模板不存在:D:/phpStudy/WWW/talkhub/talkhub/Home/View/Index/index.html

[ 2018-07-12T15:53:22+08:00 ] ::1 /talkhub/talkhub/index.php/Home/Index/index.html
ERR: 模板不存在:D:/phpStudy/WWW/talkhub/talkhub/Home/View/Index/index.html

[ 2018-07-12T15:54:57+08:00 ] ::1 /talkhub/talkhub/index.php/Home/Index/index.html
ERR: 模板不存在:D:/phpStudy/WWW/talkhub/talkhub/Home/View/Index/index.html

[ 2018-07-12T20:03:55+08:00 ] ::1 /talkhub/talkhub/index.php/Home/Index/index.html
ERR: 模板不存在:D:/phpStudy/WWW/talkhub/talkhub/Home/View/Index/index.html

[ 2018-07-12T20:05:46+08:00 ] ::1 /talkhub/talkhub/index.php/Home/Index/login
ERR: 非法操作:login

[ 2018-07-12T23:40:32+08:00 ] ::1 /talkhub/talkhub/index.php/Home/user/user_list
ERR: 非法操作:user_list

